<?xml version="1.0" encoding="UTF-8"?>
<!-- Generated by org.testng.reporters.JUnitReportReporter -->
<testsuite hostname="supriya" failures="0" tests="2" name="pac2.OrgTest" time="0.003" errors="0" timestamp="2024-07-02T15:40:33 IST" skipped="0">
  <testcase classname="pac2.OrgTest" name="modifyOrgTest" time="0.002"/>
  <testcase classname="pac2.OrgTest" name="createOrgTest" time="0.001"/>
</testsuite> <!-- pac2.OrgTest -->
